Using pre-set license
Built from '2021.3/staging' branch; Version is '2021.3.3f1 (af2e63e8f9bd) revision 11480675'; Using compiler version '192829333'; Build Type 'Release'
OS: 'Windows 11  (10.0.22621) 64bit Core' Language: 'pl' Physical Memory: 15792 MB
BatchMode: 1, IsHumanControllingUs: 0, StartBugReporterOnCrash: 0, Is64bit: 1, IsPro: 1

COMMAND LINE ARGUMENTS:
C:\Program Files\Unity\Hub\Editor\2021.3.3f1\Editor\Unity.exe
-adb2
-batchMode
-noUpm
-name
AssetImportWorker4
-projectPath
C:/Users/ASUS ROG STRIX/Sitkowski01/gra/project
-logFile
Logs/AssetImportWorker4.log
-srvPort
63259
Successfully changed project path to: C:/Users/ASUS ROG STRIX/Sitkowski01/gra/project
C:/Users/ASUS ROG STRIX/Sitkowski01/gra/project
[UnityMemory] Configuration Parameters - Can be set up in boot.config
    "memorysetup-bucket-allocator-granularity=16"
    "memorysetup-bucket-allocator-bucket-count=8"
    "memorysetup-bucket-allocator-block-size=33554432"
    "memorysetup-bucket-allocator-block-count=8"
    "memorysetup-main-allocator-block-size=16777216"
    "memorysetup-thread-allocator-block-size=16777216"
    "memorysetup-gfx-main-allocator-block-size=16777216"
    "memorysetup-gfx-thread-allocator-block-size=16777216"
    "memorysetup-cache-allocator-block-size=4194304"
    "memorysetup-typetree-allocator-block-size=2097152"
    "memorysetup-profiler-bucket-allocator-granularity=16"
    "memorysetup-profiler-bucket-allocator-bucket-count=8"
    "memorysetup-profiler-bucket-allocator-block-size=33554432"
    "memorysetup-profiler-bucket-allocator-block-count=8"
    "memorysetup-profiler-allocator-block-size=16777216"
    "memorysetup-profiler-editor-allocator-block-size=1048576"
    "memorysetup-temp-allocator-size-main=16777216"
    "memorysetup-job-temp-allocator-block-size=2097152"
    "memorysetup-job-temp-allocator-block-size-background=1048576"
    "memorysetup-job-temp-allocator-reduction-small-platforms=262144"
    "memorysetup-temp-allocator-size-background-worker=32768"
    "memorysetup-temp-allocator-size-job-worker=262144"
    "memorysetup-temp-allocator-size-preload-manager=33554432"
    "memorysetup-temp-allocator-size-nav-mesh-worker=65536"
    "memorysetup-temp-allocator-size-audio-worker=65536"
    "memorysetup-temp-allocator-size-cloud-worker=32768"
    "memorysetup-temp-allocator-size-gi-baking-worker=262144"
    "memorysetup-temp-allocator-size-gfx=262144"
Refreshing native plugins compatible for Editor in 141.59 ms, found 3 plugins.
Preloading 0 native plugins for Editor in 0.00 ms.
Initialize engine version: 2021.3.3f1 (af2e63e8f9bd)
[Subsystems] Discovering subsystems at path C:/Program Files/Unity/Hub/Editor/2021.3.3f1/Editor/Data/Resources/UnitySubsystems
[Subsystems] Discovering subsystems at path C:/Users/ASUS ROG STRIX/Sitkowski01/gra/project/Assets
GfxDevice: creating device client; threaded=0; jobified=0
Direct3D:
    Version:  Direct3D 11.0 [level 11.1]
    Renderer: NVIDIA GeForce RTX 3050 Ti Laptop GPU (ID=0x25a0)
    Vendor:   NVIDIA
    VRAM:     3976 MB
    Driver:   31.0.15.2824
Initialize mono
Mono path[0] = 'C:/Program Files/Unity/Hub/Editor/2021.3.3f1/Editor/Data/Managed'
Mono path[1] = 'C:/Program Files/Unity/Hub/Editor/2021.3.3f1/Editor/Data/MonoBleedingEdge/lib/mono/unityjit-win32'
Mono config path = 'C:/Program Files/Unity/Hub/Editor/2021.3.3f1/Editor/Data/MonoBleedingEdge/etc'
Using monoOptions --debugger-agent=transport=dt_socket,embedding=1,server=y,suspend=n,address=127.0.0.1:56728
Begin MonoManager ReloadAssembly
Registering precompiled unity dll's ...
Register platform support module: C:/Program Files/Unity/Hub/Editor/2021.3.3f1/Editor/Data/PlaybackEngines/WindowsStandaloneSupport/UnityEditor.WindowsStandalone.Extensions.dll
Registered in 0.005415 seconds.
Native extension for WindowsStandalone target not found
Refreshing native plugins compatible for Editor in 141.35 ms, found 3 plugins.
Preloading 0 native plugins for Editor in 0.00 ms.
Mono: successfully reloaded assembly
- Completed reload, in  0.836 seconds
Domain Reload Profiling:
	ReloadAssembly (836ms)
		BeginReloadAssembly (93ms)
			ExecutionOrderSort (0ms)
			DisableScriptedObjects (0ms)
			BackupInstance (0ms)
			ReleaseScriptingObjects (0ms)
			CreateAndSetChildDomain (1ms)
		EndReloadAssembly (608ms)
			LoadAssemblies (91ms)
			RebuildTransferFunctionScriptingTraits (0ms)
			SetupTypeCache (129ms)
			ReleaseScriptCaches (0ms)
			RebuildScriptCaches (35ms)
			SetupLoadedEditorAssemblies (382ms)
				LogAssemblyErrors (0ms)
				InitializePlatformSupportModulesInManaged (9ms)
				SetLoadedEditorAssemblies (0ms)
				RefreshPlugins (141ms)
				BeforeProcessingInitializeOnLoad (2ms)
				ProcessInitializeOnLoadAttributes (175ms)
				ProcessInitializeOnLoadMethodAttributes (55ms)
				AfterProcessingInitializeOnLoad (0ms)
				EditorAssembliesLoaded (0ms)
			ExecutionOrderSort2 (0ms)
			AwakeInstancesAfterBackupRestoration (0ms)
Platform modules already initialized, skipping
Registering precompiled user dll's ...
Registered in 0.005974 seconds.
Begin MonoManager ReloadAssembly
Symbol file LoadedFromMemory doesn't match image C:\Users\ASUS ROG STRIX\Sitkowski01\gra\project\Library\PackageCache\com.unity.visualscripting@1.7.6\Editor\VisualScripting.Core\Dependencies\YamlDotNet\Unity.VisualScripting.YamlDotNet.dll
Symbol file LoadedFromMemory doesn't match image C:\Users\ASUS ROG STRIX\Sitkowski01\gra\project\Library\PackageCache\com.unity.visualscripting@1.7.6\Editor\VisualScripting.Core\Dependencies\DotNetZip\Unity.VisualScripting.IonicZip.dll
Native extension for WindowsStandalone target not found
Refreshing native plugins compatible for Editor in 140.94 ms, found 3 plugins.
Preloading 0 native plugins for Editor in 0.00 ms.
Mono: successfully reloaded assembly
- Completed reload, in  1.649 seconds
Domain Reload Profiling:
	ReloadAssembly (1650ms)
		BeginReloadAssembly (148ms)
			ExecutionOrderSort (0ms)
			DisableScriptedObjects (8ms)
			BackupInstance (0ms)
			ReleaseScriptingObjects (0ms)
			CreateAndSetChildDomain (27ms)
		EndReloadAssembly (1325ms)
			LoadAssemblies (105ms)
			RebuildTransferFunctionScriptingTraits (0ms)
			SetupTypeCache (340ms)
			ReleaseScriptCaches (1ms)
			RebuildScriptCaches (73ms)
			SetupLoadedEditorAssemblies (756ms)
				LogAssemblyErrors (0ms)
				InitializePlatformSupportModulesInManaged (5ms)
				SetLoadedEditorAssemblies (0ms)
				RefreshPlugins (141ms)
				BeforeProcessingInitializeOnLoad (134ms)
				ProcessInitializeOnLoadAttributes (436ms)
				ProcessInitializeOnLoadMethodAttributes (33ms)
				AfterProcessingInitializeOnLoad (7ms)
				EditorAssembliesLoaded (0ms)
			ExecutionOrderSort2 (0ms)
			AwakeInstancesAfterBackupRestoration (7ms)
Platform modules already initialized, skipping
========================================================================
Worker process is ready to serve import requests
Launched and connected shader compiler UnityShaderCompiler.exe after 0.07 seconds
Refreshing native plugins compatible for Editor in 0.92 ms, found 3 plugins.
Preloading 0 native plugins for Editor in 0.00 ms.
Unloading 3772 Unused Serialized files (Serialized files now loaded: 0)
Unloading 60 unused Assets / (0.7 MB). Loaded Objects now: 4256.
Memory consumption went from 156.4 MB to 155.7 MB.
Total: 4.719300 ms (FindLiveObjects: 0.402700 ms CreateObjectMapping: 0.350300 ms MarkObjects: 3.671400 ms  DeleteObjects: 0.292500 ms)

AssetImportParameters requested are different than current active one (requested -> active):
  custom:video-decoder-ogg-theora: a1e56fd34408186e4bbccfd4996cb3dc -> 
  custom:container-muxer-webm: aa71ff27fc2769a1b78a27578f13a17b -> 
  custom:container-demuxer-webm: 4f35f7cbe854078d1ac9338744f61a02 -> 
  custom:video-encoder-webm-vp8: eb34c28f22e8b96e1ab97ce403110664 -> 
  custom:video-codec-MediaFoundation-h265: 746d11721c4dcdbdad8f713fa42b33f4 -> 
  custom:audio-encoder-webm-vorbis: bf7c407c2cedff20999df2af8eb42d56 -> 
  custom:framework-win-MediaFoundation: 216162199b28c13a410421893ffa2e32 -> 
  custom:container-demuxer-ogg: 62fdf1f143b41e24485cea50d1cbac27 -> 
  custom:video-decoder-webm-vp8: 9c59270c3fd7afecdb556c50c9e8de78 -> 
  custom:audio-decoder-ogg-vorbis: bf7c407c2cedff20999df2af8eb42d56 -> 
========================================================================
Received Import Request.
  Time since last request: 270472.071445 seconds.
  path: Assets/!Materials Collection/4 Snow Materials/Maps/snow_1_he.tga
  artifactKey: Guid(690a12b77a6c8684fa83eba813b1d433) Importer(815301076,1909f56bfc062723c751e8b465ee728b)
Start importing Assets/!Materials Collection/4 Snow Materials/Maps/snow_1_he.tga using Guid(690a12b77a6c8684fa83eba813b1d433) Importer(815301076,1909f56bfc062723c751e8b465ee728b)  -> (artifact id: 'c6a048fb10b03c263182b0834f3315a0') in 0.106101 seconds 
========================================================================
Received Import Request.
  Time since last request: 2.188365 seconds.
  path: Assets/!Materials Collection/4 Snow Materials/Materials/snow_1_tga.mat
  artifactKey: Guid(049886ac1c9be8d4db643c92eee3880f) Importer(815301076,1909f56bfc062723c751e8b465ee728b)
Start importing Assets/!Materials Collection/4 Snow Materials/Materials/snow_1_tga.mat using Guid(049886ac1c9be8d4db643c92eee3880f) Importer(815301076,1909f56bfc062723c751e8b465ee728b)  -> (artifact id: 'abac00d2e99a5dc36e11f7dcb6aa7aa9') in 0.126527 seconds 
========================================================================
Received Import Request.
  Time since last request: 116.981661 seconds.
  path: Assets/NewLayer 6.terrainlayer
  artifactKey: Guid(7445bb8512d331a4280f0d5311a7fdf2) Importer(815301076,1909f56bfc062723c751e8b465ee728b)
Start importing Assets/NewLayer 6.terrainlayer using Guid(7445bb8512d331a4280f0d5311a7fdf2) Importer(815301076,1909f56bfc062723c751e8b465ee728b)  -> (artifact id: '6ee76072cf0396fd3de66e56de70944d') in 0.027144 seconds 
========================================================================
Received Import Request.
  Time since last request: 23.141399 seconds.
  path: Assets/TerrainSampleAssets/TerrainLayers/snow_1_ao.tga
  artifactKey: Guid(3b3fe0a412733b843adfe495d843a840) Importer(815301076,1909f56bfc062723c751e8b465ee728b)
Start importing Assets/TerrainSampleAssets/TerrainLayers/snow_1_ao.tga using Guid(3b3fe0a412733b843adfe495d843a840) Importer(815301076,1909f56bfc062723c751e8b465ee728b)  -> (artifact id: 'f53ce32c44175bc3939bc10a5530c484') in 0.016763 seconds 
========================================================================
Received Import Request.
  Time since last request: 0.020791 seconds.
  path: Assets/NewLayer 7.terrainlayer
  artifactKey: Guid(d6c1963f0560cb34b9762e00dc1945d0) Importer(815301076,1909f56bfc062723c751e8b465ee728b)
Start importing Assets/NewLayer 7.terrainlayer using Guid(d6c1963f0560cb34b9762e00dc1945d0) Importer(815301076,1909f56bfc062723c751e8b465ee728b)  -> (artifact id: '0e14e1a29966c262c829e82fd65db2c1') in 0.025396 seconds 
========================================================================
Received Import Request.
  Time since last request: 64.913922 seconds.
  path: Assets/snow1.terrainlayer
  artifactKey: Guid(d6c1963f0560cb34b9762e00dc1945d0) Importer(815301076,1909f56bfc062723c751e8b465ee728b)
Start importing Assets/snow1.terrainlayer using Guid(d6c1963f0560cb34b9762e00dc1945d0) Importer(815301076,1909f56bfc062723c751e8b465ee728b)  -> (artifact id: '7181c635257abe53c0427a7c76d70eed') in 0.019404 seconds 
========================================================================
Received Import Request.
  Time since last request: 20.963750 seconds.
  path: Assets/NewLayer 7.terrainlayer
  artifactKey: Guid(69c368630f9d61c419fde43d99bc116d) Importer(815301076,1909f56bfc062723c751e8b465ee728b)
Start importing Assets/NewLayer 7.terrainlayer using Guid(69c368630f9d61c419fde43d99bc116d) Importer(815301076,1909f56bfc062723c751e8b465ee728b)  -> (artifact id: 'c03f3e4b0abfe5abf100e058afe5b8a9') in 0.014330 seconds 
========================================================================
Received Import Request.
  Time since last request: 38.734248 seconds.
  path: Assets/NewLayer 8.terrainlayer
  artifactKey: Guid(28c0c3cd5b88b4f45bd5a2b154ff2687) Importer(815301076,1909f56bfc062723c751e8b465ee728b)
Start importing Assets/NewLayer 8.terrainlayer using Guid(28c0c3cd5b88b4f45bd5a2b154ff2687) Importer(815301076,1909f56bfc062723c751e8b465ee728b)  -> (artifact id: 'aa1b8b04fe051dfb55fe7212927de25b') in 0.020033 seconds 
========================================================================
Received Import Request.
  Time since last request: 105.510789 seconds.
  path: Assets/sno4.terrainlayer
  artifactKey: Guid(28c0c3cd5b88b4f45bd5a2b154ff2687) Importer(815301076,1909f56bfc062723c751e8b465ee728b)
Start importing Assets/sno4.terrainlayer using Guid(28c0c3cd5b88b4f45bd5a2b154ff2687) Importer(815301076,1909f56bfc062723c751e8b465ee728b)  -> (artifact id: '3832c72669d96d24769813c595221451') in 0.019340 seconds 
========================================================================
Received Import Request.
  Time since last request: 12.005054 seconds.
  path: Assets/snow4.terrainlayer
  artifactKey: Guid(28c0c3cd5b88b4f45bd5a2b154ff2687) Importer(815301076,1909f56bfc062723c751e8b465ee728b)
Start importing Assets/snow4.terrainlayer using Guid(28c0c3cd5b88b4f45bd5a2b154ff2687) Importer(815301076,1909f56bfc062723c751e8b465ee728b)  -> (artifact id: '80ceb0f97289c628945475abd4d248de') in 0.015999 seconds 
========================================================================
Received Import Request.
  Time since last request: 116.064919 seconds.
  path: Assets/Terrain/Terrain_0_0_5e93c40f-60ab-4b41-a54d-1ca91f1c8022.asset
  artifactKey: Guid(d1b7f32770d1b874aa810d577d060c98) Importer(815301076,1909f56bfc062723c751e8b465ee728b)
Start importing Assets/Terrain/Terrain_0_0_5e93c40f-60ab-4b41-a54d-1ca91f1c8022.asset using Guid(d1b7f32770d1b874aa810d577d060c98) Importer(815301076,1909f56bfc062723c751e8b465ee728b)  -> (artifact id: '25a0e5bc7a5c046684506eb39daa8155') in 0.026064 seconds 
========================================================================
Received Prepare
Registering precompiled user dll's ...
Registered in 0.005773 seconds.
Begin MonoManager ReloadAssembly
Symbol file LoadedFromMemory doesn't match image C:\Users\ASUS ROG STRIX\Sitkowski01\gra\project\Library\PackageCache\com.unity.visualscripting@1.7.6\Editor\VisualScripting.Core\Dependencies\YamlDotNet\Unity.VisualScripting.YamlDotNet.dll
Symbol file LoadedFromMemory doesn't match image C:\Users\ASUS ROG STRIX\Sitkowski01\gra\project\Library\PackageCache\com.unity.visualscripting@1.7.6\Editor\VisualScripting.Core\Dependencies\DotNetZip\Unity.VisualScripting.IonicZip.dll
Native extension for WindowsStandalone target not found
Refreshing native plugins compatible for Editor in 1.58 ms, found 3 plugins.
Preloading 0 native plugins for Editor in 0.00 ms.
Mono: successfully reloaded assembly
- Completed reload, in  1.533 seconds
Domain Reload Profiling:
	ReloadAssembly (1534ms)
		BeginReloadAssembly (166ms)
			ExecutionOrderSort (0ms)
			DisableScriptedObjects (5ms)
			BackupInstance (0ms)
			ReleaseScriptingObjects (0ms)
			CreateAndSetChildDomain (50ms)
		EndReloadAssembly (1244ms)
			LoadAssemblies (97ms)
			RebuildTransferFunctionScriptingTraits (0ms)
			SetupTypeCache (359ms)
			ReleaseScriptCaches (2ms)
			RebuildScriptCaches (64ms)
			SetupLoadedEditorAssemblies (657ms)
				LogAssemblyErrors (0ms)
				InitializePlatformSupportModulesInManaged (17ms)
				SetLoadedEditorAssemblies (1ms)
				RefreshPlugins (2ms)
				BeforeProcessingInitializeOnLoad (109ms)
				ProcessInitializeOnLoadAttributes (479ms)
				ProcessInitializeOnLoadMethodAttributes (40ms)
				AfterProcessingInitializeOnLoad (9ms)
				EditorAssembliesLoaded (0ms)
			ExecutionOrderSort2 (0ms)
			AwakeInstancesAfterBackupRestoration (8ms)
Platform modules already initialized, skipping
Refreshing native plugins compatible for Editor in 2.89 ms, found 3 plugins.
Preloading 0 native plugins for Editor in 0.00 ms.
Unloading 3712 Unused Serialized files (Serialized files now loaded: 0)
Unloading 31 unused Assets / (0.7 MB). Loaded Objects now: 4313.
Memory consumption went from 155.3 MB to 154.6 MB.
Total: 4.936400 ms (FindLiveObjects: 0.438000 ms CreateObjectMapping: 0.204900 ms MarkObjects: 4.005100 ms  DeleteObjects: 0.286600 ms)

AssetImportParameters requested are different than current active one (requested -> active):
  custom:video-decoder-ogg-theora: a1e56fd34408186e4bbccfd4996cb3dc -> 
  custom:container-muxer-webm: aa71ff27fc2769a1b78a27578f13a17b -> 
  custom:container-demuxer-webm: 4f35f7cbe854078d1ac9338744f61a02 -> 
  custom:video-encoder-webm-vp8: eb34c28f22e8b96e1ab97ce403110664 -> 
  custom:video-codec-MediaFoundation-h265: 746d11721c4dcdbdad8f713fa42b33f4 -> 
  custom:audio-encoder-webm-vorbis: bf7c407c2cedff20999df2af8eb42d56 -> 
  custom:framework-win-MediaFoundation: 216162199b28c13a410421893ffa2e32 -> 
  custom:container-demuxer-ogg: 62fdf1f143b41e24485cea50d1cbac27 -> 
  custom:video-decoder-webm-vp8: 9c59270c3fd7afecdb556c50c9e8de78 -> 
  custom:audio-decoder-ogg-vorbis: bf7c407c2cedff20999df2af8eb42d56 -> 
========================================================================
Received Import Request.
  Time since last request: 387.252398 seconds.
  path: Assets/Terrain/Terrain_0_0_e852bd6f-3441-44f5-b2c4-c1342a425edd.asset
  artifactKey: Guid(32a5f6132d9909949bfbf566414e36ce) Importer(815301076,1909f56bfc062723c751e8b465ee728b)
Start importing Assets/Terrain/Terrain_0_0_e852bd6f-3441-44f5-b2c4-c1342a425edd.asset using Guid(32a5f6132d9909949bfbf566414e36ce) Importer(815301076,1909f56bfc062723c751e8b465ee728b) The tree Mixed_Palm_tree_01 must use the Nature/Soft Occlusion shader. Otherwise billboarding/lighting will not work correctly.
The tree Mixed_Tree_02 must use the Nature/Soft Occlusion shader. Otherwise billboarding/lighting will not work correctly.
The tree Mixed_Cactus_02 must use the Nature/Soft Occlusion shader. Otherwise billboarding/lighting will not work correctly.
The tree Mixed_Bone_02 must use the Nature/Soft Occlusion shader. Otherwise billboarding/lighting will not work correctly.
The tree Cloud_05 must use the Nature/Soft Occlusion shader. Otherwise billboarding/lighting will not work correctly.
The tree Plant_A must use the Nature/Soft Occlusion shader. Otherwise billboarding/lighting will not work correctly.
The tree Flat_Tree_02 must use the Nature/Soft Occlusion shader. Otherwise billboarding/lighting will not work correctly.
The tree Flat_Bone_02 must use the Nature/Soft Occlusion shader. Otherwise billboarding/lighting will not work correctly.
The tree Cloud_01 must use the Nature/Soft Occlusion shader. Otherwise billboarding/lighting will not work correctly.
The tree Cloud_03 must use the Nature/Soft Occlusion shader. Otherwise billboarding/lighting will not work correctly.
The tree Flat_Plant_02 must use the Nature/Soft Occlusion shader. Otherwise billboarding/lighting will not work correctly.
The tree island1_design2_c4d couldn't be instanced because the prefab contains no valid mesh renderer.
 -> (artifact id: '8e611ee4f332021e577ce7de2e7e5764') in 0.124829 seconds 
